2026-04-23 13:21:59,117 INFO o.a.j.u.JMeterUtils: Setting Locale to en_EN
2026-04-23 13:21:59,128 INFO o.a.j.JMeter: Loading user properties from: /opt/homebrew/Cellar/jmeter/5.6.3/libexec/bin/user.properties
2026-04-23 13:21:59,129 INFO o.a.j.JMeter: Loading system properties from: /opt/homebrew/Cellar/jmeter/5.6.3/libexec/bin/system.properties
2026-04-23 13:21:59,130 INFO o.a.j.JMeter: Setting JMeter property: hostname=localhost
2026-04-23 13:21:59,130 INFO o.a.j.JMeter: Setting JMeter property: port=30080
2026-04-23 13:21:59,130 INFO o.a.j.JMeter: Setting JMeter property: numThreads=10
2026-04-23 13:21:59,130 INFO o.a.j.JMeter: Setting JMeter property: rampUp=30
2026-04-23 13:21:59,130 INFO o.a.j.JMeter: Setting JMeter property: durationSec=600
2026-04-23 13:21:59,133 INFO o.a.j.JMeter: Copyright (c) 1998-2024 The Apache Software Foundation
2026-04-23 13:21:59,133 INFO o.a.j.JMeter: Version 5.6.3
2026-04-23 13:21:59,133 INFO o.a.j.JMeter: java.version=21.0.11
2026-04-23 13:21:59,133 INFO o.a.j.JMeter: java.vm.name=OpenJDK 64-Bit Server VM
2026-04-23 13:21:59,133 INFO o.a.j.JMeter: os.name=Mac OS X
2026-04-23 13:21:59,133 INFO o.a.j.JMeter: os.arch=aarch64
2026-04-23 13:21:59,133 INFO o.a.j.JMeter: os.version=26.3.1
2026-04-23 13:21:59,133 INFO o.a.j.JMeter: file.encoding=UTF-8
2026-04-23 13:21:59,133 INFO o.a.j.JMeter: java.awt.headless=true
2026-04-23 13:21:59,133 INFO o.a.j.JMeter: Max memory     =1073741824
2026-04-23 13:21:59,133 INFO o.a.j.JMeter: Available Processors =14
2026-04-23 13:21:59,138 INFO o.a.j.JMeter: Default Locale=English (EN)
2026-04-23 13:21:59,138 INFO o.a.j.JMeter: JMeter  Locale=English (EN)
2026-04-23 13:21:59,138 INFO o.a.j.JMeter: JMeterHome=/opt/homebrew/Cellar/jmeter/5.6.3/libexec
2026-04-23 13:21:59,138 INFO o.a.j.JMeter: user.dir  =/Users/cesargarcia/Desktop/University/TeaStore
2026-04-23 13:21:59,138 INFO o.a.j.JMeter: PWD       =/Users/cesargarcia/Desktop/University/TeaStore
2026-04-23 13:21:59,141 INFO o.a.j.JMeter: IP: 127.0.0.1 Name: MacBook-Pro-C.local FullName: localhost
2026-04-23 13:21:59,147 INFO o.a.j.JMeter: Setting property 'jmeter.reportgenerator.outputdir' to:'/Users/cesargarcia/Desktop/University/TeaStore/./experiments/results/hpa_10users_rep1/html_report'
2026-04-23 13:21:59,149 INFO o.a.j.s.FileServer: Default base='/Users/cesargarcia/Desktop/University/TeaStore'
2026-04-23 13:21:59,149 INFO o.a.j.s.FileServer: Set new base='/Users/cesargarcia/Desktop/University/TeaStore/./experiments/../examples/jmeter'
2026-04-23 13:21:59,222 INFO o.a.j.s.SaveService: Testplan (JMX) version: 2.2. Testlog (JTL) version: 2.2
2026-04-23 13:21:59,236 INFO o.a.j.s.SaveService: Using SaveService properties version 5.0
2026-04-23 13:21:59,237 INFO o.a.j.s.SaveService: Using SaveService properties file encoding UTF-8
2026-04-23 13:21:59,238 INFO o.a.j.s.SaveService: Loading file: ./experiments/../examples/jmeter/teastore_browse.jmx
2026-04-23 13:21:59,256 INFO o.a.j.p.h.c.CookieManager: Settings: Delete null: true Check: true Allow variable: true Save: false Prefix: COOKIE_
2026-04-23 13:21:59,265 INFO o.a.j.p.h.s.HTTPSamplerBase: Parser for text/html is org.apache.jmeter.protocol.http.parser.LagartoBasedHtmlParser
2026-04-23 13:21:59,265 INFO o.a.j.p.h.s.HTTPSamplerBase: Parser for application/xhtml+xml is org.apache.jmeter.protocol.http.parser.LagartoBasedHtmlParser
2026-04-23 13:21:59,265 INFO o.a.j.p.h.s.HTTPSamplerBase: Parser for application/xml is org.apache.jmeter.protocol.http.parser.LagartoBasedHtmlParser
2026-04-23 13:21:59,265 INFO o.a.j.p.h.s.HTTPSamplerBase: Parser for text/xml is org.apache.jmeter.protocol.http.parser.LagartoBasedHtmlParser
2026-04-23 13:21:59,265 INFO o.a.j.p.h.s.HTTPSamplerBase: Parser for text/vnd.wap.wml is org.apache.jmeter.protocol.http.parser.RegexpHTMLParser
2026-04-23 13:21:59,265 INFO o.a.j.p.h.s.HTTPSamplerBase: Parser for text/css is org.apache.jmeter.protocol.http.parser.CssParser
2026-04-23 13:21:59,275 INFO o.a.j.JMeter: Creating summariser <summary>
2026-04-23 13:21:59,280 INFO o.a.j.r.d.ReportGenerator: ReportGenerator will use for Parsing the separator: ','
2026-04-23 13:21:59,280 INFO o.a.j.r.d.ReportGenerator: Will generate report at end of test from  results file: ./experiments/results/hpa_10users_rep1/results.jtl
2026-04-23 13:21:59,280 INFO o.a.j.r.d.ReportGenerator: Reading report generator properties from: /opt/homebrew/Cellar/jmeter/5.6.3/libexec/bin/reportgenerator.properties
2026-04-23 13:21:59,281 INFO o.a.j.r.d.ReportGenerator: Merging with JMeter properties
2026-04-23 13:21:59,282 INFO o.a.j.r.c.ReportGeneratorConfiguration: Property 'jmeter.reportgenerator.temp_dir' not found, using default value 'temp' instead.
2026-04-23 13:21:59,283 INFO o.a.j.r.c.ReportGeneratorConfiguration: Property 'jmeter.reportgenerator.apdex_per_transaction' not found, using default value 'null' instead.
2026-04-23 13:21:59,283 INFO o.a.j.r.c.ReportGeneratorConfiguration: apdex_per_transaction is empty, not APDEX per transaction customization
2026-04-23 13:21:59,283 INFO o.a.j.r.c.ReportGeneratorConfiguration: Property 'jmeter.reportgenerator.sample_filter' not found, using default value 'null' instead.
2026-04-23 13:21:59,283 INFO o.a.j.r.c.ReportGeneratorConfiguration: Property 'jmeter.reportgenerator.report_title' not found, using default value 'null' instead.
2026-04-23 13:21:59,283 INFO o.a.j.r.c.ReportGeneratorConfiguration: Property 'jmeter.reportgenerator.start_date' not found, using default value 'null' instead.
2026-04-23 13:21:59,283 INFO o.a.j.r.c.ReportGeneratorConfiguration: Property 'jmeter.reportgenerator.end_date' not found, using default value 'null' instead.
2026-04-23 13:21:59,283 INFO o.a.j.r.c.ReportGeneratorConfiguration: Property 'jmeter.reportgenerator.date_format' not found, using default value 'null' instead.
2026-04-23 13:21:59,283 INFO o.a.j.r.c.ReportGeneratorConfiguration: Will use date range start date: null, end date: null
2026-04-23 13:21:59,285 INFO o.a.j.r.c.ReportGeneratorConfiguration: Property 'jmeter.reportgenerator.graph.totalTPS.exclude_controllers' not found, using default value 'false' instead.
2026-04-23 13:21:59,285 INFO o.a.j.r.c.ReportGeneratorConfiguration: Property 'jmeter.reportgenerator.graph.activeThreadsOverTime.exclude_controllers' not found, using default value 'false' instead.
2026-04-23 13:21:59,285 INFO o.a.j.r.c.ReportGeneratorConfiguration: Property 'jmeter.reportgenerator.graph.timeVsThreads.exclude_controllers' not found, using default value 'false' instead.
2026-04-23 13:21:59,285 INFO o.a.j.r.c.ReportGeneratorConfiguration: Property 'jmeter.reportgenerator.graph.responseTimeDistribution.exclude_controllers' not found, using default value 'false' instead.
2026-04-23 13:21:59,285 INFO o.a.j.r.c.ReportGeneratorConfiguration: Property 'jmeter.reportgenerator.graph.transactionsPerSecond.exclude_controllers' not found, using default value 'false' instead.
2026-04-23 13:21:59,285 INFO o.a.j.r.c.ReportGeneratorConfiguration: Property 'jmeter.reportgenerator.graph.responseTimePercentiles.exclude_controllers' not found, using default value 'false' instead.
2026-04-23 13:21:59,285 INFO o.a.j.r.c.ReportGeneratorConfiguration: Property 'jmeter.reportgenerator.graph.responseTimePercentilesOverTime.exclude_controllers' not found, using default value 'false' instead.
2026-04-23 13:21:59,285 INFO o.a.j.r.c.ReportGeneratorConfiguration: Property 'jmeter.reportgenerator.graph.responseTimesOverTime.exclude_controllers' not found, using default value 'false' instead.
2026-04-23 13:21:59,285 INFO o.a.j.r.c.ReportGeneratorConfiguration: Property 'jmeter.reportgenerator.graph.connectTimeOverTime.exclude_controllers' not found, using default value 'false' instead.
2026-04-23 13:21:59,285 INFO o.a.j.r.c.ReportGeneratorConfiguration: Property 'jmeter.reportgenerator.graph.latenciesOverTime.exclude_controllers' not found, using default value 'false' instead.
2026-04-23 13:21:59,286 INFO o.a.j.r.c.ReportGeneratorConfiguration: Property 'jmeter.reportgenerator.exporter.json.filters_only_sample_series' not found, using default value 'true' instead.
2026-04-23 13:21:59,286 INFO o.a.j.r.c.ReportGeneratorConfiguration: Property 'jmeter.reportgenerator.exporter.json.series_filter' not found, using default value '' instead.
2026-04-23 13:21:59,286 INFO o.a.j.r.c.ReportGeneratorConfiguration: Property 'jmeter.reportgenerator.exporter.json.show_controllers_only' not found, using default value 'false' instead.
2026-04-23 13:21:59,286 INFO o.a.j.r.c.ReportGeneratorConfiguration: Property 'jmeter.reportgenerator.exporter.html.filters_only_sample_series' not found, using default value 'true' instead.
2026-04-23 13:21:59,286 INFO o.a.j.r.c.ReportGeneratorConfiguration: Property 'jmeter.reportgenerator.exporter.html.series_filter' not found, using default value '' instead.
2026-04-23 13:21:59,286 INFO o.a.j.r.c.ReportGeneratorConfiguration: Property 'jmeter.reportgenerator.exporter.html.show_controllers_only' not found, using default value 'false' instead.
2026-04-23 13:21:59,291 INFO o.a.j.e.StandardJMeterEngine: Running the test!
2026-04-23 13:21:59,291 INFO o.a.j.s.SampleEvent: List of sample_variables: []
2026-04-23 13:21:59,291 INFO o.a.j.s.SampleEvent: List of sample_variables: []
2026-04-23 13:21:59,293 INFO o.a.j.e.u.CompoundVariable: Note: Function class names must contain the string: '.functions.'
2026-04-23 13:21:59,293 INFO o.a.j.e.u.CompoundVariable: Note: Function class names must not contain the string: '.gui.'
2026-04-23 13:21:59,317 INFO o.a.j.r.ClassFinder: Will scan jar /opt/homebrew/Cellar/jmeter/5.6.3/libexec/lib/ext/jmeter-plugins-manager-1.9.jar with filter ExtendsClassFilter [parents=[interface org.apache.jmeter.functions.Function], inner=false, contains=null, notContains=null]. Consider exposing JMeter plugins via META-INF/services, and add JMeter-Skip-Class-Scanning=true manifest attribute so JMeter can skip classfile scanning
2026-04-23 13:21:59,369 INFO o.a.j.JMeter: Running test (1776972119369)
2026-04-23 13:21:59,376 INFO o.a.j.e.StandardJMeterEngine: Starting ThreadGroup: 1 : Thread-Gruppe
2026-04-23 13:21:59,376 INFO o.a.j.e.StandardJMeterEngine: Starting 10 threads for group Thread-Gruppe.
2026-04-23 13:21:59,376 INFO o.a.j.e.StandardJMeterEngine: Thread will continue on error
2026-04-23 13:21:59,376 INFO o.a.j.t.ThreadGroup: Starting thread group... number=1 threads=10 ramp-up=30 delayedStart=false
2026-04-23 13:21:59,379 INFO o.a.j.t.JMeterThread: Thread started: Thread-Gruppe 1-1
2026-04-23 13:21:59,381 INFO o.a.j.t.ThreadGroup: Started thread group number 1
2026-04-23 13:21:59,381 INFO o.a.j.e.StandardJMeterEngine: All thread groups have been started
2026-04-23 13:22:01,015 INFO o.a.j.p.h.s.HTTPHCAbstractImpl: Local host = MacBook-Pro-C.local
2026-04-23 13:22:01,017 INFO o.a.j.p.h.s.HTTPHC4Impl: HTTP request retry count = 0
2026-04-23 13:22:01,018 INFO o.a.j.s.SampleResult: Note: Sample TimeStamps are START times
2026-04-23 13:22:01,018 INFO o.a.j.s.SampleResult: sampleresult.default.encoding is set to UTF-8
2026-04-23 13:22:01,018 INFO o.a.j.s.SampleResult: sampleresult.useNanoTime=true
2026-04-23 13:22:01,018 INFO o.a.j.s.SampleResult: sampleresult.nanoThreadSleep=5000
2026-04-23 13:22:01,047 INFO o.a.j.r.Summariser: summary +      1 in 00:00:02 =    0.6/s Avg:     9 Min:     9 Max:     9 Err:     1 (100.00%) Active: 1 Started: 1 Finished: 0
2026-04-23 13:22:02,380 INFO o.a.j.t.JMeterThread: Thread started: Thread-Gruppe 1-2
2026-04-23 13:22:05,380 INFO o.a.j.t.JMeterThread: Thread started: Thread-Gruppe 1-3
2026-04-23 13:22:08,378 INFO o.a.j.t.JMeterThread: Thread started: Thread-Gruppe 1-4
2026-04-23 13:22:11,380 INFO o.a.j.t.JMeterThread: Thread started: Thread-Gruppe 1-5
2026-04-23 13:22:14,380 INFO o.a.j.t.JMeterThread: Thread started: Thread-Gruppe 1-6
2026-04-23 13:22:17,381 INFO o.a.j.t.JMeterThread: Thread started: Thread-Gruppe 1-7
2026-04-23 13:22:20,381 INFO o.a.j.t.JMeterThread: Thread started: Thread-Gruppe 1-8
2026-04-23 13:22:23,383 INFO o.a.j.t.JMeterThread: Thread started: Thread-Gruppe 1-9
2026-04-23 13:22:26,380 INFO o.a.j.t.JMeterThread: Thread started: Thread-Gruppe 1-10
2026-04-23 13:22:30,340 INFO o.a.j.r.Summariser: summary +     76 in 00:00:29 =    2.6/s Avg:     0 Min:     0 Max:     7 Err:    76 (100.00%) Active: 10 Started: 10 Finished: 0
2026-04-23 13:22:30,341 INFO o.a.j.r.Summariser: summary =     77 in 00:00:31 =    2.5/s Avg:     1 Min:     0 Max:     9 Err:    77 (100.00%)
2026-04-23 13:23:00,162 INFO o.a.j.r.Summariser: summary +    147 in 00:00:30 =    4.9/s Avg:     1 Min:     0 Max:     6 Err:   147 (100.00%) Active: 10 Started: 10 Finished: 0
2026-04-23 13:23:00,163 INFO o.a.j.r.Summariser: summary =    224 in 00:01:01 =    3.7/s Avg:     1 Min:     0 Max:     9 Err:   224 (100.00%)
2026-04-23 13:23:02,546 INFO o.a.j.r.ResultCollector: Shutdown hook started
2026-04-23 13:23:02,546 INFO o.a.j.r.ResultCollector: Shutdown hook ended
